<?xml version="1.0" encoding="UTF-8"?>
<!-- Generated by org.testng.reporters.JUnitXMLReporter -->
<testsuite ignored="1" hostname="GVC1AC54" failures="0" tests="1" name="Banking Test" time="18.329" errors="0" timestamp="2025-03-11T12:46:30 IST">
  <testcase classname="com.banking.project.testCases.TC_LoginTest_001" name="loginTest" time="9.17"/>
  <testcase classname="com.banking.project.testCases.TC_Registration_002" name="registration" time="0.0">
    <ignored/>
  </testcase> <!-- registration -->
</testsuite> <!-- Banking Test -->
