<?xml version="1.0" encoding="UTF-8"?>
<testng-results ignored="1" total="2" passed="1" failed="0" skipped="0">
  <reporter-output>
  </reporter-output>
  <suite started-at="2025-03-11T12:46:11 IST" name="InetBankingV1" finished-at="2025-03-11T12:46:30 IST" duration-ms="18329">
    <groups>
    </groups>
    <test started-at="2025-03-11T12:46:11 IST" name="Banking Test" finished-at="2025-03-11T12:46:30 IST" duration-ms="18329">
      <class name="com.banking.project.testCases.TC_LoginTest_001">
        <test-method is-config="true" signature="setUp(java.lang.String)[pri:0, instance:com.banking.project.testCases.TC_LoginTest_001@147ed70f]" started-at="2025-03-11T12:46:11 IST" name="setUp" finished-at="2025-03-11T12:46:18 IST" duration-ms="6847" status="PASS">
          <params>
            <param index="0">
              <value>
                <![CDATA[chrome]]>
              </value>
            </param>
          </params>
          <reporter-output>
          </reporter-output>
        </test-method> <!-- setUp -->
        <test-method signature="loginTest()[pri:0, instance:com.banking.project.testCases.TC_LoginTest_001@147ed70f]" started-at="2025-03-11T12:46:18 IST" name="loginTest" finished-at="2025-03-11T12:46:27 IST" duration-ms="9170" status="PASS">
          <reporter-output>
          </reporter-output>
        </test-method> <!-- loginTest -->
        <test-method is-config="true" signature="tearDown()[pri:0, instance:com.banking.project.testCases.TC_LoginTest_001@147ed70f]" started-at="2025-03-11T12:46:27 IST" name="tearDown" finished-at="2025-03-11T12:46:30 IST" duration-ms="2275" status="PASS">
          <reporter-output>
          </reporter-output>
        </test-method> <!-- tearDown -->
      </class> <!-- com.banking.project.testCases.TC_LoginTest_001 -->
    </test> <!-- Banking Test -->
  </suite> <!-- InetBankingV1 -->
</testng-results>
