<?xml version="1.0" encoding="UTF-8"?>
<testng-results ignored="0" total="4" passed="2" failed="1" skipped="1">
  <reporter-output>
  </reporter-output>
  <suite started-at="2025-03-11T17:36:09 IST" name="InetBankingV1" finished-at="2025-03-11T17:37:01 IST" duration-ms="51584">
    <groups>
    </groups>
    <test started-at="2025-03-11T17:36:09 IST" name="Banking Test" finished-at="2025-03-11T17:37:01 IST" duration-ms="51584">
      <class name="com.banking.project.testCases.TC_Registration_002">
        <test-method is-config="true" signature="setUp()[pri:0, instance:com.banking.project.testCases.TC_Registration_002@33afa13b]" started-at="2025-03-11T17:36:24 IST" name="setUp" finished-at="2025-03-11T17:36:26 IST" duration-ms="2280" status="PASS">
          <reporter-output>
          </reporter-output>
        </test-method> <!-- setUp -->
        <test-method signature="registration()[pri:0, instance:com.banking.project.testCases.TC_Registration_002@33afa13b]" started-at="2025-03-11T17:36:26 IST" name="registration" finished-at="2025-03-11T17:37:00 IST" duration-ms="33904" status="PASS">
          <reporter-output>
          </reporter-output>
        </test-method> <!-- registration -->
        <test-method is-config="true" signature="tearDown()[pri:0, instance:com.banking.project.testCases.TC_Registration_002@33afa13b]" started-at="2025-03-11T17:37:00 IST" name="tearDown" finished-at="2025-03-11T17:37:01 IST" duration-ms="505" status="PASS">
          <reporter-output>
          </reporter-output>
        </test-method> <!-- tearDown -->
      </class> <!-- com.banking.project.testCases.TC_Registration_002 -->
      <class name="com.banking.project.testCases.TC_LoginTest_001">
        <test-method is-config="true" signature="setUp()[pri:0, instance:com.banking.project.testCases.TC_LoginTest_001@124c278f]" started-at="2025-03-11T17:36:09 IST" name="setUp" finished-at="2025-03-11T17:36:12 IST" duration-ms="2865" status="PASS">
          <reporter-output>
          </reporter-output>
        </test-method> <!-- setUp -->
        <test-method signature="loginTest()[pri:0, instance:com.banking.project.testCases.TC_LoginTest_001@124c278f]" started-at="2025-03-11T17:36:12 IST" name="loginTest" finished-at="2025-03-11T17:36:23 IST" duration-ms="11231" status="PASS">
          <reporter-output>
          </reporter-output>
        </test-method> <!-- loginTest -->
        <test-method signature="account()[pri:1, instance:com.banking.project.testCases.TC_LoginTest_001@124c278f]" started-at="2025-03-11T17:36:23 IST" name="account" finished-at="2025-03-11T17:36:24 IST" duration-ms="42" status="FAIL">
          <exception class="org.openqa.selenium.NoSuchElementException">
            <message>
              <![CDATA[no such element: Unable to locate element: {"method":"link text","selector":"Telecom Project1"}
  (Session info: chrome=133.0.6943.143)
For documentation on this error, please visit: https://www.selenium.dev/documentation/webdriver/troubleshooting/errors#no-such-element-exception
Build info: version: '4.25.0', revision: '8a8aea2337'
System info: os.name: 'Windows 11', os.arch: 'amd64', os.version: '10.0', java.version: '22'
Driver info: org.openqa.selenium.chrome.ChromeDriver
Command: [8563ee309bc92dfe5904f10c5a950d6d, findElement {value=Telecom Project1, using=link text}]
Capabilities {acceptInsecureCerts: false, browserName: chrome, browserVersion: 133.0.6943.143, chrome: {chromedriverVersion: 133.0.6943.141 (2a5d6da0d61..., userDataDir: C:\Users\BHAVAN~1\AppData\L...}, fedcm:accounts: true, goog:chromeOptions: {debuggerAddress: localhost:61824}, networkConnectionEnabled: false, pageLoadStrategy: normal, platformName: windows, proxy: Proxy(), se:cdp: ws://localhost:61824/devtoo..., se:cdpVersion: 133.0.6943.143, setWindowRect: true, strictFileInteractability: false, timeouts: {implicit: 0, pageLoad: 300000, script: 30000}, unhandledPromptBehavior: dismiss and notify, webauthn:extension:credBlob: true, webauthn:extension:largeBlob: true, webauthn:extension:minPinLength: true, webauthn:extension:prf: true, webauthn:virtualAuthenticators: true}
Session ID: 8563ee309bc92dfe5904f10c5a950d6d]]>
            </message>
            <full-stacktrace>
              <![CDATA[org.openqa.selenium.NoSuchElementException: no such element: Unable to locate element: {"method":"link text","selector":"Telecom Project1"}
  (Session info: chrome=133.0.6943.143)
For documentation on this error, please visit: https://www.selenium.dev/documentation/webdriver/troubleshooting/errors#no-such-element-exception
Build info: version: '4.25.0', revision: '8a8aea2337'
System info: os.name: 'Windows 11', os.arch: 'amd64', os.version: '10.0', java.version: '22'
Driver info: org.openqa.selenium.chrome.ChromeDriver
Command: [8563ee309bc92dfe5904f10c5a950d6d, findElement {value=Telecom Project1, using=link text}]
Capabilities {acceptInsecureCerts: false, browserName: chrome, browserVersion: 133.0.6943.143, chrome: {chromedriverVersion: 133.0.6943.141 (2a5d6da0d61..., userDataDir: C:\Users\BHAVAN~1\AppData\L...}, fedcm:accounts: true, goog:chromeOptions: {debuggerAddress: localhost:61824}, networkConnectionEnabled: false, pageLoadStrategy: normal, platformName: windows, proxy: Proxy(), se:cdp: ws://localhost:61824/devtoo..., se:cdpVersion: 133.0.6943.143, setWindowRect: true, strictFileInteractability: false, timeouts: {implicit: 0, pageLoad: 300000, script: 30000}, unhandledPromptBehavior: dismiss and notify, webauthn:extension:credBlob: true, webauthn:extension:largeBlob: true, webauthn:extension:minPinLength: true, webauthn:extension:prf: true, webauthn:virtualAuthenticators: true}
Session ID: 8563ee309bc92dfe5904f10c5a950d6d
at java.base/jdk.internal.reflect.DirectConstructorHandleAccessor.newInstance(DirectConstructorHandleAccessor.java:62)
at java.base/java.lang.reflect.Constructor.newInstanceWithCaller(Constructor.java:502)
at java.base/java.lang.reflect.Constructor.newInstance(Constructor.java:486)
at org.openqa.selenium.remote.ErrorCodec.decode(ErrorCodec.java:167)
at org.openqa.selenium.remote.codec.w3c.W3CHttpResponseCodec.decode(W3CHttpResponseCodec.java:138)
at org.openqa.selenium.remote.codec.w3c.W3CHttpResponseCodec.decode(W3CHttpResponseCodec.java:50)
at org.openqa.selenium.remote.HttpCommandExecutor.execute(HttpCommandExecutor.java:190)
at org.openqa.selenium.remote.service.DriverCommandExecutor.invokeExecute(DriverCommandExecutor.java:216)
at org.openqa.selenium.remote.service.DriverCommandExecutor.execute(DriverCommandExecutor.java:174)
at org.openqa.selenium.remote.RemoteWebDriver.execute(RemoteWebDriver.java:545)
at org.openqa.selenium.remote.ElementLocation$ElementFinder$2.findElement(ElementLocation.java:165)
at org.openqa.selenium.remote.ElementLocation.findElement(ElementLocation.java:59)
at org.openqa.selenium.remote.RemoteWebDriver.findElement(RemoteWebDriver.java:368)
at org.openqa.selenium.remote.RemoteWebDriver.findElement(RemoteWebDriver.java:362)
at com.banking.project.testCases.TC_LoginTest_001.account(TC_LoginTest_001.java:56)
at java.base/jdk.internal.reflect.DirectMethodHandleAccessor.invoke(DirectMethodHandleAccessor.java:103)
at java.base/java.lang.reflect.Method.invoke(Method.java:580)
at org.testng.internal.invokers.MethodInvocationHelper.invokeMethod(MethodInvocationHelper.java:139)
at org.testng.internal.invokers.TestInvoker.invokeMethod(TestInvoker.java:677)
at org.testng.internal.invokers.TestInvoker.invokeTestMethod(TestInvoker.java:221)
at org.testng.internal.invokers.MethodRunner.runInSequence(MethodRunner.java:50)
at org.testng.internal.invokers.TestInvoker$MethodInvocationAgent.invoke(TestInvoker.java:969)
at org.testng.internal.invokers.TestInvoker.invokeTestMethods(TestInvoker.java:194)
at org.testng.internal.invokers.TestMethodWorker.invokeTestMethods(TestMethodWorker.java:148)
at org.testng.internal.invokers.TestMethodWorker.run(TestMethodWorker.java:128)
at java.base/java.util.ArrayList.forEach(ArrayList.java:1597)
at org.testng.TestRunner.privateRun(TestRunner.java:829)
at org.testng.TestRunner.run(TestRunner.java:602)
at org.testng.SuiteRunner.runTest(SuiteRunner.java:437)
at org.testng.SuiteRunner.runSequentially(SuiteRunner.java:431)
at org.testng.SuiteRunner.privateRun(SuiteRunner.java:391)
at org.testng.SuiteRunner.run(SuiteRunner.java:330)
at org.testng.SuiteRunnerWorker.runSuite(SuiteRunnerWorker.java:52)
at org.testng.SuiteRunnerWorker.run(SuiteRunnerWorker.java:95)
at org.testng.TestNG.runSuitesSequentially(TestNG.java:1256)
at org.testng.TestNG.runSuitesLocally(TestNG.java:1176)
at org.testng.TestNG.runSuites(TestNG.java:1099)
at org.testng.TestNG.run(TestNG.java:1067)
at com.intellij.rt.testng.IDEARemoteTestNG.run(IDEARemoteTestNG.java:65)
at com.intellij.rt.testng.RemoteTestNGStarter.main(RemoteTestNGStarter.java:105)
]]>
            </full-stacktrace>
          </exception> <!-- org.openqa.selenium.NoSuchElementException -->
          <reporter-output>
          </reporter-output>
        </test-method> <!-- account -->
        <test-method signature="ForgetPwd()[pri:2, instance:com.banking.project.testCases.TC_LoginTest_001@124c278f]" started-at="2025-03-11T17:36:24 IST" name="ForgetPwd" finished-at="2025-03-11T17:36:24 IST" depends-on-methods="com.banking.project.testCases.TC_LoginTest_001.account" duration-ms="0" status="SKIP">
          <exception class="java.lang.Throwable">
            <message>
              <![CDATA[Method com.banking.project.testCases.TC_LoginTest_001.ForgetPwd() on instance com.banking.project.testCases.TC_LoginTest_001@124c278f depends on not successfully finished methods 
[com.banking.project.testCases.TC_LoginTest_001.account() on instance com.banking.project.testCases.TC_LoginTest_001@124c278f]]]>
            </message>
            <full-stacktrace>
              <![CDATA[java.lang.Throwable: Method com.banking.project.testCases.TC_LoginTest_001.ForgetPwd() on instance com.banking.project.testCases.TC_LoginTest_001@124c278f depends on not successfully finished methods 
[com.banking.project.testCases.TC_LoginTest_001.account() on instance com.banking.project.testCases.TC_LoginTest_001@124c278f]
at org.testng.internal.invokers.TestInvoker.invokeTestMethods(TestInvoker.java:150)
at org.testng.internal.invokers.TestMethodWorker.invokeTestMethods(TestMethodWorker.java:148)
at org.testng.internal.invokers.TestMethodWorker.run(TestMethodWorker.java:128)
at java.base/java.util.ArrayList.forEach(ArrayList.java:1597)
at org.testng.TestRunner.privateRun(TestRunner.java:829)
at org.testng.TestRunner.run(TestRunner.java:602)
at org.testng.SuiteRunner.runTest(SuiteRunner.java:437)
at org.testng.SuiteRunner.runSequentially(SuiteRunner.java:431)
at org.testng.SuiteRunner.privateRun(SuiteRunner.java:391)
at org.testng.SuiteRunner.run(SuiteRunner.java:330)
at org.testng.SuiteRunnerWorker.runSuite(SuiteRunnerWorker.java:52)
at org.testng.SuiteRunnerWorker.run(SuiteRunnerWorker.java:95)
at org.testng.TestNG.runSuitesSequentially(TestNG.java:1256)
at org.testng.TestNG.runSuitesLocally(TestNG.java:1176)
at org.testng.TestNG.runSuites(TestNG.java:1099)
at org.testng.TestNG.run(TestNG.java:1067)
at com.intellij.rt.testng.IDEARemoteTestNG.run(IDEARemoteTestNG.java:65)
at com.intellij.rt.testng.RemoteTestNGStarter.main(RemoteTestNGStarter.java:105)
]]>
            </full-stacktrace>
          </exception> <!-- java.lang.Throwable -->
          <reporter-output>
          </reporter-output>
        </test-method> <!-- ForgetPwd -->
        <test-method is-config="true" signature="tearDown()[pri:0, instance:com.banking.project.testCases.TC_LoginTest_001@124c278f]" started-at="2025-03-11T17:36:24 IST" name="tearDown" finished-at="2025-03-11T17:36:24 IST" duration-ms="359" status="PASS">
          <reporter-output>
          </reporter-output>
        </test-method> <!-- tearDown -->
      </class> <!-- com.banking.project.testCases.TC_LoginTest_001 -->
    </test> <!-- Banking Test -->
  </suite> <!-- InetBankingV1 -->
</testng-results>
